<?xml version="1.0" encoding="UTF-8"?>
<coverage generated="1577129785398" clover="3.2.0">
  <project timestamp="1577129785399" name="All files">
    <metrics statements="6" coveredstatements="6" conditionals="0" coveredconditionals="0" methods="2" coveredmethods="2" elements="8" coveredelements="8" complexity="0" loc="6" ncloc="6" packages="1" files="1" classes="1"/>
    <file name="createDescription.js" path="C:\Users\Vladimir\Downloads\Netology\Домашние задания продвинутый Javascript\Object properties\3rd task\src\js\createDescription.js">
      <metrics statements="6" coveredstatements="6" conditionals="0" coveredconditionals="0" methods="2" coveredmethods="2"/>
      <line num="4" count="2" type="stmt"/>
      <line num="6" count="2" type="stmt"/>
      <line num="15" count="12" type="stmt"/>
      <line num="17" count="2" type="stmt"/>
      <line num="18" count="2" type="stmt"/>
      <line num="20" count="1" type="stmt"/>
    </file>
  </project>
</coverage>
