{"C:\\Users\\Vladimir\\Downloads\\Netology\\Домашние задания продвинутый Javascript\\Object properties\\3rd task\\src\\js\\createDescription.js": {"path":"C:\\Users\\Vladimir\\Downloads\\Netology\\Домашние задания продвинутый Javascript\\Object properties\\3rd task\\src\\js\\createDescription.js","statementMap":{"0":{"start":{"line":4,"column":6},"end":{"line":4,"column":9}},"1":{"start":{"line":6,"column":14},"end":{"line":13,"column":3}},"2":{"start":{"line":15,"column":2},"end":{"line":15,"column":79}},"3":{"start":{"line":15,"column":31},"end":{"line":15,"column":77}},"4":{"start":{"line":17,"column":2},"end":{"line":21,"column":3}},"5":{"start":{"line":18,"column":4},"end":{"line":18,"column":127}},"6":{"start":{"line":20,"column":4},"end":{"line":20,"column":34}}},"fnMap":{"0":{"name":"createDescription","decl":{"start":{"line":1,"column":24},"end":{"line":1,"column":41}},"loc":{"start":{"line":1,"column":47},"end":{"line":35,"column":1}},"line":1},"1":{"name":"(anonymous_1)","decl":{"start":{"line":15,"column":21},"end":{"line":15,"column":22}},"loc":{"start":{"line":15,"column":31},"end":{"line":15,"column":77}},"line":15}},"branchMap":{},"s":{"0":2,"1":2,"2":2,"3":12,"4":2,"5":2,"6":1},"f":{"0":2,"1":12},"b":{},"_coverageSchema":"43e27e138ebf9cfc5966b082cf9a028302ed4184","hash":"397c1d1177b2ba6b2ceecf269b51696ad9a9573f"}
}
